\BOOKMARK [0][-]{chapter.1}{\376\377\0001\000\040\000N\000a\000m\000e\000s\000p\000a\000c\000e\000\040\000I\000n\000d\000e\000x}{}% 1
\BOOKMARK [1][-]{section.1.1}{\376\377\0001\000.\0001\000\040\000P\000a\000c\000k\000a\000g\000e\000\040\000L\000i\000s\000t}{chapter.1}% 2
\BOOKMARK [0][-]{chapter.2}{\376\377\0002\000\040\000F\000i\000l\000e\000\040\000I\000n\000d\000e\000x}{}% 3
\BOOKMARK [1][-]{section.2.1}{\376\377\0002\000.\0001\000\040\000F\000i\000l\000e\000\040\000L\000i\000s\000t}{chapter.2}% 4
\BOOKMARK [0][-]{chapter.3}{\376\377\0003\000\040\000N\000a\000m\000e\000s\000p\000a\000c\000e\000\040\000D\000o\000c\000u\000m\000e\000n\000t\000a\000t\000i\000o\000n}{}% 5
\BOOKMARK [1][-]{section.3.1}{\376\377\0003\000.\0001\000\040\000c\000o\000u\000n\000t\000r\000y\000\137\000i\000d\000e\000n\000t\000i\000f\000i\000e\000r\000\040\000N\000a\000m\000e\000s\000p\000a\000c\000e\000\040\000R\000e\000f\000e\000r\000e\000n\000c\000e}{chapter.3}% 6
\BOOKMARK [2][-]{subsection.3.1.1}{\376\377\0003\000.\0001\000.\0001\000\040\000F\000u\000n\000c\000t\000i\000o\000n\000\040\000D\000o\000c\000u\000m\000e\000n\000t\000a\000t\000i\000o\000n}{section.3.1}% 7
\BOOKMARK [3][-]{subsubsection.3.1.1.1}{\376\377\0003\000.\0001\000.\0001\000.\0001\000\040\000g\000e\000t\000\137\000c\000o\000u\000n\000t\000r\000y\000\137\000f\000r\000o\000m\000\137\000t\000e\000x\000t\000\050\000\051}{subsection.3.1.1}% 8
\BOOKMARK [1][-]{section.3.2}{\376\377\0003\000.\0002\000\040\000f\000o\000l\000d\000e\000r\000\137\000p\000a\000r\000s\000e\000r\000\040\000N\000a\000m\000e\000s\000p\000a\000c\000e\000\040\000R\000e\000f\000e\000r\000e\000n\000c\000e}{chapter.3}% 9
\BOOKMARK [2][-]{subsection.3.2.1}{\376\377\0003\000.\0002\000.\0001\000\040\000F\000u\000n\000c\000t\000i\000o\000n\000\040\000D\000o\000c\000u\000m\000e\000n\000t\000a\000t\000i\000o\000n}{section.3.2}% 10
\BOOKMARK [3][-]{subsubsection.3.2.1.1}{\376\377\0003\000.\0002\000.\0001\000.\0001\000\040\000a\000n\000a\000l\000y\000z\000e\000\137\000f\000o\000l\000d\000e\000r\000\050\000\051}{subsection.3.2.1}% 11
\BOOKMARK [1][-]{section.3.3}{\376\377\0003\000.\0003\000\040\000i\000n\000t\000e\000g\000r\000a\000t\000i\000o\000n\000\137\000t\000e\000s\000t\000\040\000N\000a\000m\000e\000s\000p\000a\000c\000e\000\040\000R\000e\000f\000e\000r\000e\000n\000c\000e}{chapter.3}% 12
\BOOKMARK [2][-]{subsection.3.3.1}{\376\377\0003\000.\0003\000.\0001\000\040\000F\000u\000n\000c\000t\000i\000o\000n\000\040\000D\000o\000c\000u\000m\000e\000n\000t\000a\000t\000i\000o\000n}{section.3.3}% 13
\BOOKMARK [3][-]{subsubsection.3.3.1.1}{\376\377\0003\000.\0003\000.\0001\000.\0001\000\040\000c\000r\000e\000a\000t\000e\000\137\000t\000e\000s\000t\000\137\000i\000m\000a\000g\000e\000s\000\050\000\051}{subsection.3.3.1}% 14
\BOOKMARK [3][-]{subsubsection.3.3.1.2}{\376\377\0003\000.\0003\000.\0001\000.\0002\000\040\000t\000e\000s\000t\000\137\000a\000n\000a\000l\000y\000z\000e\000\137\000f\000o\000l\000d\000e\000r\000\050\000\051}{subsection.3.3.1}% 15
\BOOKMARK [3][-]{subsubsection.3.3.1.3}{\376\377\0003\000.\0003\000.\0001\000.\0003\000\040\000t\000e\000s\000t\000\137\000e\000x\000t\000r\000a\000c\000t\000\137\000t\000e\000x\000t\000\137\000f\000r\000o\000m\000\137\000i\000m\000a\000g\000e\000s\000\050\000\051}{subsection.3.3.1}% 16
\BOOKMARK [3][-]{subsubsection.3.3.1.4}{\376\377\0003\000.\0003\000.\0001\000.\0004\000\040\000t\000e\000s\000t\000\137\000g\000e\000t\000\137\000c\000o\000u\000n\000t\000r\000y\000\137\000f\000r\000o\000m\000\137\000t\000e\000x\000t\000\050\000\051}{subsection.3.3.1}% 17
\BOOKMARK [3][-]{subsubsection.3.3.1.5}{\376\377\0003\000.\0003\000.\0001\000.\0005\000\040\000t\000e\000s\000t\000\137\000s\000a\000v\000e\000\137\000t\000o\000\137\000c\000s\000v\000\050\000\051}{subsection.3.3.1}% 18
\BOOKMARK [1][-]{section.3.4}{\376\377\0003\000.\0004\000\040\000m\000a\000i\000n\000\040\000N\000a\000m\000e\000s\000p\000a\000c\000e\000\040\000R\000e\000f\000e\000r\000e\000n\000c\000e}{chapter.3}% 19
\BOOKMARK [2][-]{subsection.3.4.1}{\376\377\0003\000.\0004\000.\0001\000\040\000F\000u\000n\000c\000t\000i\000o\000n\000\040\000D\000o\000c\000u\000m\000e\000n\000t\000a\000t\000i\000o\000n}{section.3.4}% 20
\BOOKMARK [3][-]{subsubsection.3.4.1.1}{\376\377\0003\000.\0004\000.\0001\000.\0001\000\040\000m\000a\000i\000n\000\050\000\051}{subsection.3.4.1}% 21
\BOOKMARK [1][-]{section.3.5}{\376\377\0003\000.\0005\000\040\000s\000a\000v\000e\000\137\000t\000o\000\137\000c\000s\000v\000\040\000N\000a\000m\000e\000s\000p\000a\000c\000e\000\040\000R\000e\000f\000e\000r\000e\000n\000c\000e}{chapter.3}% 22
\BOOKMARK [2][-]{subsection.3.5.1}{\376\377\0003\000.\0005\000.\0001\000\040\000F\000u\000n\000c\000t\000i\000o\000n\000\040\000D\000o\000c\000u\000m\000e\000n\000t\000a\000t\000i\000o\000n}{section.3.5}% 23
\BOOKMARK [3][-]{subsubsection.3.5.1.1}{\376\377\0003\000.\0005\000.\0001\000.\0001\000\040\000s\000a\000v\000e\000\137\000t\000o\000\137\000c\000s\000v\000\050\000\051}{subsection.3.5.1}% 24
\BOOKMARK [1][-]{section.3.6}{\376\377\0003\000.\0006\000\040\000t\000e\000s\000t\000\137\000e\000x\000t\000r\000a\000c\000t\000\137\000t\000e\000x\000t\000\137\000f\000r\000o\000m\000\137\000i\000m\000a\000g\000e\000s\000\040\000N\000a\000m\000e\000s\000p\000a\000c\000e\000\040\000R\000e\000f\000e\000r\000e\000n\000c\000e}{chapter.3}% 25
\BOOKMARK [2][-]{subsection.3.6.1}{\376\377\0003\000.\0006\000.\0001\000\040\000F\000u\000n\000c\000t\000i\000o\000n\000\040\000D\000o\000c\000u\000m\000e\000n\000t\000a\000t\000i\000o\000n}{section.3.6}% 26
\BOOKMARK [3][-]{subsubsection.3.6.1.1}{\376\377\0003\000.\0006\000.\0001\000.\0001\000\040\000t\000e\000s\000t\000\137\000e\000x\000t\000r\000a\000c\000t\000\137\000t\000e\000x\000t\000\137\000f\000r\000o\000m\000\137\000i\000m\000a\000g\000e\000s\000\050\000\051}{subsection.3.6.1}% 27
\BOOKMARK [1][-]{section.3.7}{\376\377\0003\000.\0007\000\040\000t\000e\000s\000t\000\137\000f\000o\000l\000d\000e\000r\000\137\000p\000a\000r\000s\000e\000r\000\040\000N\000a\000m\000e\000s\000p\000a\000c\000e\000\040\000R\000e\000f\000e\000r\000e\000n\000c\000e}{chapter.3}% 28
\BOOKMARK [2][-]{subsection.3.7.1}{\376\377\0003\000.\0007\000.\0001\000\040\000F\000u\000n\000c\000t\000i\000o\000n\000\040\000D\000o\000c\000u\000m\000e\000n\000t\000a\000t\000i\000o\000n}{section.3.7}% 29
\BOOKMARK [3][-]{subsubsection.3.7.1.1}{\376\377\0003\000.\0007\000.\0001\000.\0001\000\040\000c\000r\000e\000a\000t\000e\000\137\000t\000e\000s\000t\000\137\000f\000i\000l\000e\000s\000\050\000\051}{subsection.3.7.1}% 30
\BOOKMARK [3][-]{subsubsection.3.7.1.2}{\376\377\0003\000.\0007\000.\0001\000.\0002\000\040\000t\000e\000s\000t\000\137\000a\000n\000a\000l\000y\000z\000e\000\137\000f\000o\000l\000d\000e\000r\000\050\000\051}{subsection.3.7.1}% 31
\BOOKMARK [1][-]{section.3.8}{\376\377\0003\000.\0008\000\040\000t\000e\000s\000t\000\137\000g\000e\000t\000\137\000c\000o\000u\000n\000t\000r\000y\000\137\000f\000r\000o\000m\000\137\000t\000e\000x\000t\000\040\000N\000a\000m\000e\000s\000p\000a\000c\000e\000\040\000R\000e\000f\000e\000r\000e\000n\000c\000e}{chapter.3}% 32
\BOOKMARK [2][-]{subsection.3.8.1}{\376\377\0003\000.\0008\000.\0001\000\040\000F\000u\000n\000c\000t\000i\000o\000n\000\040\000D\000o\000c\000u\000m\000e\000n\000t\000a\000t\000i\000o\000n}{section.3.8}% 33
\BOOKMARK [3][-]{subsubsection.3.8.1.1}{\376\377\0003\000.\0008\000.\0001\000.\0001\000\040\000t\000e\000s\000t\000\137\000g\000e\000t\000\137\000c\000o\000u\000n\000t\000r\000y\000\137\000f\000r\000o\000m\000\137\000t\000e\000x\000t\000\050\000\051}{subsection.3.8.1}% 34
\BOOKMARK [1][-]{section.3.9}{\376\377\0003\000.\0009\000\040\000t\000e\000s\000t\000\137\000s\000a\000v\000e\000\137\000t\000o\000\137\000c\000s\000v\000\040\000N\000a\000m\000e\000s\000p\000a\000c\000e\000\040\000R\000e\000f\000e\000r\000e\000n\000c\000e}{chapter.3}% 35
\BOOKMARK [2][-]{subsection.3.9.1}{\376\377\0003\000.\0009\000.\0001\000\040\000F\000u\000n\000c\000t\000i\000o\000n\000\040\000D\000o\000c\000u\000m\000e\000n\000t\000a\000t\000i\000o\000n}{section.3.9}% 36
\BOOKMARK [3][-]{subsubsection.3.9.1.1}{\376\377\0003\000.\0009\000.\0001\000.\0001\000\040\000c\000r\000e\000a\000t\000e\000\137\000t\000e\000s\000t\000\137\000d\000a\000t\000a\000\050\000\051}{subsection.3.9.1}% 37
\BOOKMARK [3][-]{subsubsection.3.9.1.2}{\376\377\0003\000.\0009\000.\0001\000.\0002\000\040\000t\000e\000s\000t\000\137\000s\000a\000v\000e\000\137\000t\000o\000\137\000c\000s\000v\000\050\000\051}{subsection.3.9.1}% 38
\BOOKMARK [1][-]{section.3.10}{\376\377\0003\000.\0001\0000\000\040\000t\000e\000x\000t\000\137\000e\000x\000t\000r\000a\000c\000t\000o\000r\000\040\000N\000a\000m\000e\000s\000p\000a\000c\000e\000\040\000R\000e\000f\000e\000r\000e\000n\000c\000e}{chapter.3}% 39
\BOOKMARK [2][-]{subsection.3.10.1}{\376\377\0003\000.\0001\0000\000.\0001\000\040\000F\000u\000n\000c\000t\000i\000o\000n\000\040\000D\000o\000c\000u\000m\000e\000n\000t\000a\000t\000i\000o\000n}{section.3.10}% 40
\BOOKMARK [3][-]{subsubsection.3.10.1.1}{\376\377\0003\000.\0001\0000\000.\0001\000.\0001\000\040\000e\000x\000t\000r\000a\000c\000t\000\137\000t\000e\000x\000t\000\137\000f\000r\000o\000m\000\137\000i\000m\000a\000g\000e\000s\000\050\000\051}{subsection.3.10.1}% 41
\BOOKMARK [2][-]{subsection.3.10.2}{\376\377\0003\000.\0001\0000\000.\0002\000\040\000V\000a\000r\000i\000a\000b\000l\000e\000\040\000D\000o\000c\000u\000m\000e\000n\000t\000a\000t\000i\000o\000n}{section.3.10}% 42
\BOOKMARK [3][-]{subsubsection.3.10.2.1}{\376\377\0003\000.\0001\0000\000.\0002\000.\0001\000\040\000e\000x\000t\000r\000a\000c\000t\000e\000d\000\137\000t\000e\000x\000t\000s}{subsection.3.10.2}% 43
\BOOKMARK [3][-]{subsubsection.3.10.2.2}{\376\377\0003\000.\0001\0000\000.\0002\000.\0002\000\040\000i\000m\000a\000g\000e\000\137\000p\000a\000t\000h\000s}{subsection.3.10.2}% 44
\BOOKMARK [0][-]{chapter.4}{\376\377\0004\000\040\000F\000i\000l\000e\000\040\000D\000o\000c\000u\000m\000e\000n\000t\000a\000t\000i\000o\000n}{}% 45
\BOOKMARK [1][-]{section.4.1}{\376\377\0004\000.\0001\000\040\000/\000h\000o\000m\000e\000/\000w\000a\000s\000s\000e\000f\000/\000D\000e\000s\000k\000t\000o\000p\000/\000L\000i\000c\000e\000n\000c\000e\000\137\000p\000l\000a\000t\000e\000\137\000i\000d\000e\000n\000t\000i\000f\000i\000c\000a\000t\000i\000o\000n\000/\000l\000p\000\137\000d\000e\000t\000e\000c\000t\000i\000o\000n\000/\000c\000o\000u\000n\000t\000r\000y\000\137\000i\000d\000e\000n\000t\000i\000f\000i\000e\000r\000.\000p\000y\000\040\000F\000i\000l\000e\000\040\000R\000e\000f\000e\000r\000e\000n\000c\000e}{chapter.4}% 46
\BOOKMARK [1][-]{section.4.2}{\376\377\0004\000.\0002\000\040\000/\000h\000o\000m\000e\000/\000w\000a\000s\000s\000e\000f\000/\000D\000e\000s\000k\000t\000o\000p\000/\000L\000i\000c\000e\000n\000c\000e\000\137\000p\000l\000a\000t\000e\000\137\000i\000d\000e\000n\000t\000i\000f\000i\000c\000a\000t\000i\000o\000n\000/\000l\000p\000\137\000d\000e\000t\000e\000c\000t\000i\000o\000n\000/\000f\000o\000l\000d\000e\000r\000\137\000p\000a\000r\000s\000e\000r\000.\000p\000y\000\040\000F\000i\000l\000e\000\040\000R\000e\000f\000e\000r\000e\000n\000c\000e}{chapter.4}% 47
\BOOKMARK [1][-]{section.4.3}{\376\377\0004\000.\0003\000\040\000/\000h\000o\000m\000e\000/\000w\000a\000s\000s\000e\000f\000/\000D\000e\000s\000k\000t\000o\000p\000/\000L\000i\000c\000e\000n\000c\000e\000\137\000p\000l\000a\000t\000e\000\137\000i\000d\000e\000n\000t\000i\000f\000i\000c\000a\000t\000i\000o\000n\000/\000l\000p\000\137\000d\000e\000t\000e\000c\000t\000i\000o\000n\000/\000m\000a\000i\000n\000.\000p\000y\000\040\000F\000i\000l\000e\000\040\000R\000e\000f\000e\000r\000e\000n\000c\000e}{chapter.4}% 48
\BOOKMARK [1][-]{section.4.4}{\376\377\0004\000.\0004\000\040\000/\000h\000o\000m\000e\000/\000w\000a\000s\000s\000e\000f\000/\000D\000e\000s\000k\000t\000o\000p\000/\000L\000i\000c\000e\000n\000c\000e\000\137\000p\000l\000a\000t\000e\000\137\000i\000d\000e\000n\000t\000i\000f\000i\000c\000a\000t\000i\000o\000n\000/\000l\000p\000\137\000d\000e\000t\000e\000c\000t\000i\000o\000n\000/\000s\000a\000v\000e\000\137\000t\000o\000\137\000c\000s\000v\000.\000p\000y\000\040\000F\000i\000l\000e\000\040\000R\000e\000f\000e\000r\000e\000n\000c\000e}{chapter.4}% 49
\BOOKMARK [1][-]{section.4.5}{\376\377\0004\000.\0005\000\040\000/\000h\000o\000m\000e\000/\000w\000a\000s\000s\000e\000f\000/\000D\000e\000s\000k\000t\000o\000p\000/\000L\000i\000c\000e\000n\000c\000e\000\137\000p\000l\000a\000t\000e\000\137\000i\000d\000e\000n\000t\000i\000f\000i\000c\000a\000t\000i\000o\000n\000/\000l\000p\000\137\000d\000e\000t\000e\000c\000t\000i\000o\000n\000/\000t\000e\000x\000t\000\137\000e\000x\000t\000r\000a\000c\000t\000o\000r\000.\000p\000y\000\040\000F\000i\000l\000e\000\040\000R\000e\000f\000e\000r\000e\000n\000c\000e}{chapter.4}% 50
\BOOKMARK [1][-]{section.4.6}{\376\377\0004\000.\0006\000\040\000/\000h\000o\000m\000e\000/\000w\000a\000s\000s\000e\000f\000/\000D\000e\000s\000k\000t\000o\000p\000/\000L\000i\000c\000e\000n\000c\000e\000\137\000p\000l\000a\000t\000e\000\137\000i\000d\000e\000n\000t\000i\000f\000i\000c\000a\000t\000i\000o\000n\000/\000t\000e\000s\000t\000s\000/\000i\000n\000t\000e\000g\000r\000a\000t\000i\000o\000n\000\137\000t\000e\000s\000t\000/\000i\000n\000t\000e\000g\000r\000a\000t\000i\000o\000n\000\137\000t\000e\000s\000t\000.\000p\000y\000\040\000F\000i\000l\000e\000\040\000R\000e\000f\000e\000r\000e\000n\000c\000e}{chapter.4}% 51
\BOOKMARK [1][-]{section.4.7}{\376\377\0004\000.\0007\000\040\000/\000h\000o\000m\000e\000/\000w\000a\000s\000s\000e\000f\000/\000D\000e\000s\000k\000t\000o\000p\000/\000L\000i\000c\000e\000n\000c\000e\000\137\000p\000l\000a\000t\000e\000\137\000i\000d\000e\000n\000t\000i\000f\000i\000c\000a\000t\000i\000o\000n\000/\000t\000e\000s\000t\000s\000/\000u\000n\000i\000t\000\137\000t\000e\000s\000t\000s\000/\000t\000e\000s\000t\000\137\000e\000x\000t\000r\000a\000c\000t\000\137\000t\000e\000x\000t\000\137\000f\000r\000o\000m\000\137\000i\000m\000a\000g\000e\000s\000.\000p\000y\000\040\000F\000i\000l\000e\000\040\000R\000e\000f\000e\000r\000e\000n\000c\000e}{chapter.4}% 52
\BOOKMARK [1][-]{section.4.8}{\376\377\0004\000.\0008\000\040\000/\000h\000o\000m\000e\000/\000w\000a\000s\000s\000e\000f\000/\000D\000e\000s\000k\000t\000o\000p\000/\000L\000i\000c\000e\000n\000c\000e\000\137\000p\000l\000a\000t\000e\000\137\000i\000d\000e\000n\000t\000i\000f\000i\000c\000a\000t\000i\000o\000n\000/\000t\000e\000s\000t\000s\000/\000u\000n\000i\000t\000\137\000t\000e\000s\000t\000s\000/\000t\000e\000s\000t\000\137\000f\000o\000l\000d\000e\000r\000\137\000p\000a\000r\000s\000e\000r\000.\000p\000y\000\040\000F\000i\000l\000e\000\040\000R\000e\000f\000e\000r\000e\000n\000c\000e}{chapter.4}% 53
\BOOKMARK [1][-]{section.4.9}{\376\377\0004\000.\0009\000\040\000/\000h\000o\000m\000e\000/\000w\000a\000s\000s\000e\000f\000/\000D\000e\000s\000k\000t\000o\000p\000/\000L\000i\000c\000e\000n\000c\000e\000\137\000p\000l\000a\000t\000e\000\137\000i\000d\000e\000n\000t\000i\000f\000i\000c\000a\000t\000i\000o\000n\000/\000t\000e\000s\000t\000s\000/\000u\000n\000i\000t\000\137\000t\000e\000s\000t\000s\000/\000t\000e\000s\000t\000\137\000g\000e\000t\000\137\000c\000o\000u\000n\000t\000r\000y\000\137\000f\000r\000o\000m\000\137\000t\000e\000x\000t\000.\000p\000y\000\040\000F\000i\000l\000e\000\040\000R\000e\000f\000e\000r\000e\000n\000c\000e}{chapter.4}% 54
\BOOKMARK [1][-]{section.4.10}{\376\377\0004\000.\0001\0000\000\040\000/\000h\000o\000m\000e\000/\000w\000a\000s\000s\000e\000f\000/\000D\000e\000s\000k\000t\000o\000p\000/\000L\000i\000c\000e\000n\000c\000e\000\137\000p\000l\000a\000t\000e\000\137\000i\000d\000e\000n\000t\000i\000f\000i\000c\000a\000t\000i\000o\000n\000/\000t\000e\000s\000t\000s\000/\000u\000n\000i\000t\000\137\000t\000e\000s\000t\000s\000/\000t\000e\000s\000t\000\137\000s\000a\000v\000e\000\137\000t\000o\000\137\000c\000s\000v\000.\000p\000y\000\040\000F\000i\000l\000e\000\040\000R\000e\000f\000e\000r\000e\000n\000c\000e}{chapter.4}% 55
